2024-06-11 18:26:01,598 - __main__ - INFO - Token value: 
2024-06-11 18:26:01,743 - __main__ - ERROR - Erro ao acessar a API: 401
2024-06-11 18:37:22,348 - __main__ - INFO - Starting Script
2024-06-11 18:37:22,523 - __main__ - ERROR - Erro ao acessar a API: 401
2024-06-11 18:41:39,040 - __main__ - INFO - Starting Script
2024-06-11 18:41:39,154 - __main__ - ERROR - Erro ao acessar a API: 403
2024-06-11 18:54:14,906 - __main__ - INFO - Token available!
2024-06-11 18:54:14,906 - __main__ - INFO - Starting Script
2024-06-11 18:54:14,997 - __main__ - ERROR - Erro ao acessar a API: 401
2024-06-11 19:02:26,101 - __main__ - INFO - Token not available!
2024-06-11 19:02:26,102 - __main__ - INFO - Starting Script
2024-06-11 19:02:26,195 - __main__ - ERROR - Erro ao acessar a API: 401
2024-06-11 19:05:22,977 - __main__ - INFO - Token not available!
2024-06-11 19:05:22,977 - __main__ - INFO - Starting Script
2024-06-11 19:05:23,131 - __main__ - ERROR - Erro ao acessar a API: 403
2024-06-11 19:07:16,328 - __main__ - INFO - Token not available!
2024-06-11 19:07:16,328 - __main__ - INFO - Starting Script
2024-06-11 19:07:16,328 - __main__ - INFO - Hello World!
2024-06-11 19:20:09,145 - __main__ - INFO - Token not available!
2024-06-11 19:20:09,145 - __main__ - INFO - Starting Script
2024-06-11 19:20:09,420 - __main__ - INFO - ID do primeiro usuário: 279878018136
2024-06-11 19:21:22,661 - __main__ - INFO - Token available!
2024-06-11 19:21:22,661 - __main__ - INFO - Starting Script
2024-06-11 19:21:22,871 - __main__ - INFO - ID do primeiro usuário: 279878018136
2024-06-11 19:51:33,745 - __main__ - INFO - Token available!
2024-06-11 19:51:33,745 - __main__ - INFO - Starting Script
2024-06-11 19:51:33,882 - __main__ - INFO - ID do primeiro usuário: 279878018136
2024-06-11 19:59:23,302 - __main__ - INFO - Token available!
2024-06-11 19:59:23,302 - __main__ - INFO - Starting Script
2024-06-11 19:59:23,425 - __main__ - INFO - ID do primeiro usuário: 279878018136
2024-06-11 20:18:12,853 - __main__ - INFO - Token available!
2024-06-11 20:18:12,853 - __main__ - INFO - Starting Script
2024-06-11 20:18:12,993 - __main__ - INFO - ID do primeiro usuário: 279878018136
2024-06-11 21:23:49,609 - __main__ - INFO - Token available!
2024-06-11 21:23:49,609 - __main__ - INFO - Starting Script
2024-06-11 21:23:49,850 - __main__ - INFO - ID do primeiro usuário: 279878018136
2024-06-11 21:27:20,048 - __main__ - INFO - Token available!
2024-06-11 21:27:20,048 - __main__ - INFO - Starting Script
2024-06-11 21:27:20,199 - __main__ - INFO - ID do primeiro usuário: 279878018136
2024-06-11 21:36:52,500 - __main__ - INFO - Token available!
2024-06-11 21:36:52,500 - __main__ - INFO - Starting Script
2024-06-11 21:36:52,757 - __main__ - INFO - ID do primeiro usuário: 279878018136
2024-06-11 21:44:25,190 - __main__ - INFO - Token available!
2024-06-11 21:44:25,190 - __main__ - INFO - Starting Script
2024-06-11 21:44:25,336 - __main__ - INFO - ID do primeiro usuário: 279878018136
2024-06-11 21:52:06,709 - __main__ - INFO - Token available!
2024-06-11 21:52:06,709 - __main__ - INFO - Starting Script
2024-06-11 21:52:06,937 - __main__ - INFO - ID do primeiro usuário: 279878018136
2024-06-11 21:59:53,898 - __main__ - INFO - Token available!
2024-06-11 21:59:53,898 - __main__ - INFO - Starting Script
2024-06-11 21:59:54,075 - __main__ - INFO - ID do primeiro usuário: 279878018136
2024-06-11 22:17:09,408 - __main__ - INFO - Token available!
2024-06-11 22:17:09,409 - __main__ - INFO - Starting Script
2024-06-11 22:17:09,534 - __main__ - INFO - ID do primeiro usuário: 279878018136
2024-06-11 22:28:27,059 - __main__ - INFO - Token available!
2024-06-11 22:28:27,059 - __main__ - INFO - Starting Script
2024-06-11 22:28:27,240 - __main__ - INFO - ID do primeiro usuário: 279878018136
2024-06-12 08:13:59,372 - __main__ - INFO - Token available!
2024-06-12 08:13:59,372 - __main__ - INFO - Starting Script
2024-06-12 08:13:59,655 - __main__ - INFO - ID do primeiro usuário: 279878018136
